{"C:\\Users\\PrimoMax\\Desktop\\FALABELLA\\Nueva carpeta\\src\\index.ts": {"path":"C:\\Users\\PrimoMax\\Desktop\\FALABELLA\\Nueva carpeta\\src\\index.ts","statementMap":{"0":{"start":{"line":10,"column":8},"end":{"line":10,"column":29}},"1":{"start":{"line":11,"column":8},"end":{"line":11,"column":22}},"2":{"start":{"line":12,"column":8},"end":{"line":12,"column":22}},"3":{"start":{"line":16,"column":8},"end":{"line":16,"column":57}},"4":{"start":{"line":17,"column":8},"end":{"line":17,"column":59}},"5":{"start":{"line":18,"column":8},"end":{"line":18,"column":37}},"6":{"start":{"line":19,"column":8},"end":{"line":19,"column":36}},"7":{"start":{"line":20,"column":8},"end":{"line":20,"column":29}},"8":{"start":{"line":26,"column":8},"end":{"line":26,"column":43}},"9":{"start":{"line":31,"column":8},"end":{"line":33,"column":11}},"10":{"start":{"line":32,"column":12},"end":{"line":32,"column":69}},"11":{"start":{"line":37,"column":15},"end":{"line":37,"column":27}}},"fnMap":{"0":{"name":"(anonymous_0)","decl":{"start":{"line":9,"column":4},"end":{"line":9,"column":5}},"loc":{"start":{"line":9,"column":17},"end":{"line":13,"column":5}},"line":9},"1":{"name":"(anonymous_1)","decl":{"start":{"line":15,"column":4},"end":{"line":15,"column":5}},"loc":{"start":{"line":15,"column":19},"end":{"line":21,"column":5}},"line":15},"2":{"name":"(anonymous_2)","decl":{"start":{"line":25,"column":4},"end":{"line":25,"column":5}},"loc":{"start":{"line":25,"column":19},"end":{"line":27,"column":5}},"line":25},"3":{"name":"(anonymous_3)","decl":{"start":{"line":30,"column":4},"end":{"line":30,"column":5}},"loc":{"start":{"line":30,"column":18},"end":{"line":34,"column":5}},"line":30},"4":{"name":"(anonymous_4)","decl":{"start":{"line":31,"column":46},"end":{"line":31,"column":47}},"loc":{"start":{"line":31,"column":52},"end":{"line":33,"column":9}},"line":31}},"branchMap":{"0":{"loc":{"start":{"line":16,"column":30},"end":{"line":16,"column":54}},"type":"binary-expr","locations":[{"start":{"line":16,"column":30},"end":{"line":16,"column":46}},{"start":{"line":16,"column":50},"end":{"line":16,"column":54}}],"line":16}},"s":{"0":1,"1":1,"2":1,"3":1,"4":1,"5":1,"6":1,"7":1,"8":1,"9":0,"10":0,"11":1},"f":{"0":1,"1":1,"2":1,"3":0,"4":0},"b":{"0":[1,1]},"_coverageSchema":"1a1c01bbd47fc00a2c39e90264f33305004495a9","hash":"40003a1dbea244ce84c989351d0d6e074b645ea1"}
,"C:\\Users\\PrimoMax\\Desktop\\FALABELLA\\Nueva carpeta\\src\\controllers\\primoscontroller.ts": {"path":"C:\\Users\\PrimoMax\\Desktop\\FALABELLA\\Nueva carpeta\\src\\controllers\\primoscontroller.ts","statementMap":{"0":{"start":{"line":6,"column":24},"end":{"line":6,"column":32}},"1":{"start":{"line":7,"column":8},"end":{"line":7,"column":41}},"2":{"start":{"line":11,"column":32},"end":{"line":11,"column":54}}},"fnMap":{"0":{"name":"(anonymous_0)","decl":{"start":{"line":5,"column":4},"end":{"line":5,"column":5}},"loc":{"start":{"line":5,"column":58},"end":{"line":8,"column":5}},"line":5}},"branchMap":{},"s":{"0":1,"1":1,"2":1},"f":{"0":1},"b":{},"_coverageSchema":"1a1c01bbd47fc00a2c39e90264f33305004495a9","hash":"12d41e747a40d31e2d03d5277e92fc840abedb8b"}
,"C:\\Users\\PrimoMax\\Desktop\\FALABELLA\\Nueva carpeta\\src\\middlewares\\validatormiddleware.ts": {"path":"C:\\Users\\PrimoMax\\Desktop\\FALABELLA\\Nueva carpeta\\src\\middlewares\\validatormiddleware.ts","statementMap":{"0":{"start":{"line":4,"column":28},"end":{"line":11,"column":1}},"1":{"start":{"line":5,"column":19},"end":{"line":5,"column":40}},"2":{"start":{"line":7,"column":4},"end":{"line":9,"column":5}},"3":{"start":{"line":8,"column":8},"end":{"line":8,"column":50}},"4":{"start":{"line":10,"column":4},"end":{"line":10,"column":11}}},"fnMap":{"0":{"name":"(anonymous_0)","decl":{"start":{"line":4,"column":28},"end":{"line":4,"column":29}},"loc":{"start":{"line":4,"column":80},"end":{"line":11,"column":1}},"line":4}},"branchMap":{"0":{"loc":{"start":{"line":7,"column":4},"end":{"line":9,"column":5}},"type":"if","locations":[{"start":{"line":7,"column":4},"end":{"line":9,"column":5}},{"start":{},"end":{}}],"line":7}},"s":{"0":1,"1":1,"2":1,"3":0,"4":1},"f":{"0":1},"b":{"0":[0,1]},"_coverageSchema":"1a1c01bbd47fc00a2c39e90264f33305004495a9","hash":"290d772a615bf37065347f0372a9f275cca3bbdb"}
,"C:\\Users\\PrimoMax\\Desktop\\FALABELLA\\Nueva carpeta\\src\\routes\\primosRoutes.ts": {"path":"C:\\Users\\PrimoMax\\Desktop\\FALABELLA\\Nueva carpeta\\src\\routes\\primosRoutes.ts","statementMap":{"0":{"start":{"line":7,"column":28},"end":{"line":7,"column":36}},"1":{"start":{"line":10,"column":8},"end":{"line":10,"column":22}},"2":{"start":{"line":15,"column":26},"end":{"line":17,"column":9}},"3":{"start":{"line":21,"column":8},"end":{"line":21,"column":105}},"4":{"start":{"line":25,"column":21},"end":{"line":25,"column":39}}},"fnMap":{"0":{"name":"(anonymous_0)","decl":{"start":{"line":9,"column":4},"end":{"line":9,"column":5}},"loc":{"start":{"line":9,"column":17},"end":{"line":11,"column":5}},"line":9},"1":{"name":"(anonymous_1)","decl":{"start":{"line":13,"column":4},"end":{"line":13,"column":5}},"loc":{"start":{"line":13,"column":13},"end":{"line":22,"column":5}},"line":13}},"branchMap":{},"s":{"0":1,"1":1,"2":1,"3":1,"4":1},"f":{"0":1,"1":1},"b":{},"_coverageSchema":"1a1c01bbd47fc00a2c39e90264f33305004495a9","hash":"2a67bb1c7d2b91288c20115c7ccab089f09f5dd2"}
,"C:\\Users\\PrimoMax\\Desktop\\FALABELLA\\Nueva carpeta\\src\\utils\\operations.ts": {"path":"C:\\Users\\PrimoMax\\Desktop\\FALABELLA\\Nueva carpeta\\src\\utils\\operations.ts","statementMap":{"0":{"start":{"line":1,"column":21},"end":{"line":26,"column":1}},"1":{"start":{"line":2,"column":20},"end":{"line":2,"column":22}},"2":{"start":{"line":4,"column":4},"end":{"line":16,"column":5}},"3":{"start":{"line":4,"column":17},"end":{"line":4,"column":18}},"4":{"start":{"line":5,"column":23},"end":{"line":5,"column":24}},"5":{"start":{"line":7,"column":8},"end":{"line":11,"column":9}},"6":{"start":{"line":7,"column":21},"end":{"line":7,"column":22}},"7":{"start":{"line":8,"column":12},"end":{"line":10,"column":13}},"8":{"start":{"line":9,"column":16},"end":{"line":9,"column":27}},"9":{"start":{"line":12,"column":8},"end":{"line":15,"column":9}},"10":{"start":{"line":14,"column":12},"end":{"line":14,"column":30}},"11":{"start":{"line":18,"column":4},"end":{"line":25,"column":7}},"12":{"start":{"line":19,"column":8},"end":{"line":24,"column":9}},"13":{"start":{"line":20,"column":12},"end":{"line":20,"column":22}},"14":{"start":{"line":23,"column":12},"end":{"line":23,"column":21}}},"fnMap":{"0":{"name":"(anonymous_0)","decl":{"start":{"line":1,"column":21},"end":{"line":1,"column":22}},"loc":{"start":{"line":1,"column":38},"end":{"line":26,"column":1}},"line":1},"1":{"name":"(anonymous_1)","decl":{"start":{"line":18,"column":26},"end":{"line":18,"column":27}},"loc":{"start":{"line":18,"column":36},"end":{"line":25,"column":5}},"line":18}},"branchMap":{"0":{"loc":{"start":{"line":8,"column":12},"end":{"line":10,"column":13}},"type":"if","locations":[{"start":{"line":8,"column":12},"end":{"line":10,"column":13}},{"start":{},"end":{}}],"line":8},"1":{"loc":{"start":{"line":12,"column":8},"end":{"line":15,"column":9}},"type":"if","locations":[{"start":{"line":12,"column":8},"end":{"line":15,"column":9}},{"start":{},"end":{}}],"line":12},"2":{"loc":{"start":{"line":19,"column":8},"end":{"line":24,"column":9}},"type":"if","locations":[{"start":{"line":19,"column":8},"end":{"line":24,"column":9}},{"start":{"line":22,"column":13},"end":{"line":24,"column":9}}],"line":19}},"s":{"0":1,"1":2,"2":2,"3":2,"4":24,"5":24,"6":24,"7":132,"8":58,"9":24,"10":10,"11":2,"12":8,"13":8,"14":0},"f":{"0":2,"1":8},"b":{"0":[58,74],"1":[10,14],"2":[8,0]},"_coverageSchema":"1a1c01bbd47fc00a2c39e90264f33305004495a9","hash":"420c6e227bfb6a1b459dbcc57ddd51e9d323e0b7"}
}
